
=== Thu Apr 18 21:52:10 2019

Packages were changed.
Update Mode: mergeDefaultDependencies

The following packages were updated:
  com.unity.collab-proxy from version 1.2.15 to 1.2.16
  com.unity.package-manager-ui from version 2.1.1 to 2.1.2
  com.unity.purchasing from version 2.0.1 to 2.0.6
  com.unity.textmeshpro from version 1.3.0 to 2.0.0

=== Thu Oct 31 16:30:24 2019

Packages were changed.
Update Mode: updateDependencies

The following packages were added:
  com.unity.2d.tilemap@1.0.0
  com.unity.ext.nunit@1.0.0
  com.unity.test-framework@1.0.13
  com.unity.2d.sprite@1.0.0
  com.unity.ide.vscode@1.1.2
  com.unity.ide.rider@1.1.0
  com.unity.ugui@1.0.0
  com.unity.modules.androidjni@1.0.0
The following packages were updated:
  com.unity.package-manager-ui from version 2.1.2 to 2.2.0
  com.unity.render-pipelines.high-definition from version 5.7.2-preview to 6.9.0-preview
  com.unity.shadergraph from version 5.7.2 to 6.9.0
  com.unity.timeline from version 1.0.0 to 1.1.0
  com.unity.visualeffectgraph from version 5.13.0-preview to 6.9.0-preview

=== Fri Feb  7 18:03:16 2020

Packages were changed.
Update Mode: updateDependencies

The following packages were updated:
  com.unity.analytics from version 3.3.2 to 3.3.5
  com.unity.ide.rider from version 1.1.0 to 1.1.4
  com.unity.ide.vscode from version 1.1.2 to 1.1.4
  com.unity.probuilder from version 4.0.4 to 4.2.3
  com.unity.render-pipelines.high-definition from version 6.9.0-preview to 7.1.8
  com.unity.shadergraph from version 6.9.0 to 7.1.8
  com.unity.test-framework from version 1.0.13 to 1.1.9
  com.unity.timeline from version 1.1.0 to 1.2.10
  com.unity.visualeffectgraph from version 6.9.0-preview to 7.1.8
The following packages were removed:
  com.unity.package-manager-ui@2.2.0

=== Sat May 30 11:49:31 2020

Packages were changed.
Update Mode: updateDependencies

The following packages were updated:
  com.unity.test-framework from version 1.1.9 to 1.1.11

=== Wed Aug 19 14:54:03 2020

Packages were changed.
Update Mode: updateDependencies

The following packages were added:
  com.unity.ide.visualstudio@2.0.2
The following packages were updated:
  com.unity.ads from version 2.0.8 to 3.4.7
  com.unity.collab-proxy from version 1.2.16 to 1.3.8
  com.unity.ide.rider from version 1.1.4 to 1.2.1
  com.unity.ide.vscode from version 1.1.4 to 1.2.1
  com.unity.render-pipelines.high-definition from version 7.1.8 to 8.2.0
  com.unity.shadergraph from version 7.1.8 to 8.2.0
  com.unity.test-framework from version 1.1.11 to 1.1.16
  com.unity.textmeshpro from version 2.0.1 to 3.0.1
  com.unity.visualeffectgraph from version 7.1.8 to 8.2.0
  com.unity.xr.legacyinputhelpers from version 2.0.2 to 2.1.4
